[debug] [2022-08-28T00:14:14.905Z] ----------------------------------------------------------------------
[debug] [2022-08-28T00:14:14.908Z] Command:       C:\Program Files\nodejs\node.exe C:\Users\karim\AppData\Roaming\npm\node_modules\firebase-tools\lib\bin\firebase.js deploy
[debug] [2022-08-28T00:14:14.908Z] CLI Version:   11.8.0
[debug] [2022-08-28T00:14:14.909Z] Platform:      win32
[debug] [2022-08-28T00:14:14.909Z] Node Version:  v16.15.1
[debug] [2022-08-28T00:14:14.910Z] Time:          Sun Aug 28 2022 02:14:14 GMT+0200 (Eastern European Standard Time)
[debug] [2022-08-28T00:14:14.910Z] ----------------------------------------------------------------------
[debug] 
[debug] [2022-08-28T00:14:14.979Z] > command requires scopes: ["email","openid","https://www.googleapis.com/auth/cloudplatformprojects.readonly","https://www.googleapis.com/auth/firebase","https://www.googleapis.com/auth/cloud-platform"]
[debug] [2022-08-28T00:14:14.979Z] > authorizing via signed-in user (km01286486191@gmail.com)
[debug] [2022-08-28T00:14:14.979Z] [iam] checking project k-studio-4bb78 for permissions ["firebase.projects.get","firebasehosting.sites.update"]
[debug] [2022-08-28T00:14:14.982Z] >>> [apiv2][query] POST https://cloudresourcemanager.googleapis.com/v1/projects/k-studio-4bb78:testIamPermissions [none]
[debug] [2022-08-28T00:14:14.983Z] >>> [apiv2][(partial)header] POST https://cloudresourcemanager.googleapis.com/v1/projects/k-studio-4bb78:testIamPermissions x-goog-quota-user=projects/k-studio-4bb78
[debug] [2022-08-28T00:14:14.983Z] >>> [apiv2][body] POST https://cloudresourcemanager.googleapis.com/v1/projects/k-studio-4bb78:testIamPermissions {"permissions":["firebase.projects.get","firebasehosting.sites.update"]}
[debug] [2022-08-28T00:14:15.804Z] <<< [apiv2][status] POST https://cloudresourcemanager.googleapis.com/v1/projects/k-studio-4bb78:testIamPermissions 200
[debug] [2022-08-28T00:14:15.804Z] <<< [apiv2][body] POST https://cloudresourcemanager.googleapis.com/v1/projects/k-studio-4bb78:testIamPermissions {"permissions":["firebase.projects.get","firebasehosting.sites.update"]}
[debug] [2022-08-28T00:14:15.805Z] >>> [apiv2][query] GET https://firebase.googleapis.com/v1beta1/projects/k-studio-4bb78 [none]
[debug] [2022-08-28T00:14:16.196Z] <<< [apiv2][status] GET https://firebase.googleapis.com/v1beta1/projects/k-studio-4bb78 200
[debug] [2022-08-28T00:14:16.196Z] <<< [apiv2][body] GET https://firebase.googleapis.com/v1beta1/projects/k-studio-4bb78 {"projectId":"k-studio-4bb78","projectNumber":"58114384418","displayName":"k-studio","name":"projects/k-studio-4bb78","resources":{"hostingSite":"k-studio-4bb78","storageBucket":"k-studio-4bb78.appspot.com","locationId":"us-central"},"state":"ACTIVE","etag":"1_3f788f4b-ece1-4346-986f-0078e055825c"}
[info] 
[info] === Deploying to 'k-studio-4bb78'...
[info] 
[info] i  deploying hosting 
[debug] [2022-08-28T00:14:16.205Z] >>> [apiv2][query] GET https://firebase.googleapis.com/v1beta1/projects/k-studio-4bb78 [none]
[debug] [2022-08-28T00:14:16.540Z] <<< [apiv2][status] GET https://firebase.googleapis.com/v1beta1/projects/k-studio-4bb78 200
[debug] [2022-08-28T00:14:16.540Z] <<< [apiv2][body] GET https://firebase.googleapis.com/v1beta1/projects/k-studio-4bb78 {"projectId":"k-studio-4bb78","projectNumber":"58114384418","displayName":"k-studio","name":"projects/k-studio-4bb78","resources":{"hostingSite":"k-studio-4bb78","storageBucket":"k-studio-4bb78.appspot.com","locationId":"us-central"},"state":"ACTIVE","etag":"1_3f788f4b-ece1-4346-986f-0078e055825c"}
[debug] [2022-08-28T00:14:16.545Z] >>> [apiv2][query] POST https://firebasehosting.googleapis.com/v1beta1/projects/58114384418/sites/k-studio-4bb78/versions [none]
[debug] [2022-08-28T00:14:16.545Z] >>> [apiv2][body] POST https://firebasehosting.googleapis.com/v1beta1/projects/58114384418/sites/k-studio-4bb78/versions {"config":{"rewrites":[{"glob":"**","path":"/index.html"}]},"labels":{"deployment-tool":"cli-firebase"}}
[debug] [2022-08-28T00:14:17.827Z] <<< [apiv2][status] POST https://firebasehosting.googleapis.com/v1beta1/projects/58114384418/sites/k-studio-4bb78/versions 200
[debug] [2022-08-28T00:14:17.827Z] <<< [apiv2][body] POST https://firebasehosting.googleapis.com/v1beta1/projects/58114384418/sites/k-studio-4bb78/versions {"name":"projects/58114384418/sites/k-studio-4bb78/versions/8c2bcf56ba96e172","status":"CREATED","config":{"rewrites":[{"glob":"**","path":"/index.html"}]},"labels":{"deployment-tool":"cli-firebase"}}
[info] i  hosting[k-studio-4bb78]: beginning deploy... 
[info] i  hosting[k-studio-4bb78]: found 15 files in build 
[debug] [2022-08-28T00:14:17.841Z] [hosting] uploading with 200 concurrency
[debug] [2022-08-28T00:14:18.600Z] [hosting] hash cache [YnVpbGQ] stored for 15 files
[debug] [2022-08-28T00:14:18.601Z] [hosting][hash queue][FINAL] {"max":748,"min":2,"avg":69.73333333333333,"active":0,"complete":15,"success":15,"errored":0,"retried":0,"total":15,"elapsed":756}
[debug] [2022-08-28T00:14:18.601Z] >>> [apiv2][query] POST https://firebasehosting.googleapis.com/v1beta1/projects/58114384418/sites/k-studio-4bb78/versions/8c2bcf56ba96e172:populateFiles [none]
[debug] [2022-08-28T00:14:18.601Z] >>> [apiv2][body] POST https://firebasehosting.googleapis.com/v1beta1/projects/58114384418/sites/k-studio-4bb78/versions/8c2bcf56ba96e172:populateFiles {"files":{"/favicon.ico":"4714d726994147c036a0008cdd8a35256deae3b9668f4108b5475dbfc5bf6e1d","/logo192.png":"3ee59515172ee198f3be375979df15ac5345183e656720a381b8872b2a39dc8b","/logo512.png":"ee7e2f3fdb8209c4b6fd7bef6ba50d1b9dba30a25bb5c3126df057e1cb6f5331","/manifest.json":"aff3449bdc238776f5d6d967f19ec491b36aed5fb7f23ccff6500736fd58494a","/robots.txt":"bfe106a3fb878dc83461c86818bf74fc1bdc7f28538ba613cd3e775516ce8b49","/asset-manifest.json":"1b58c2126c3af74958d6ebe8183f980d9a8e0244d6b05d19fc117b8b9d824136","/static/css/main.7d2f94cc.css":"4f70730541e8b3f9b8e785ff29c8f68c4c28d1414ebd3e5ef1f3cf57546f7952","/static/js/main.fc5f822b.js.LICENSE.txt":"aee2ed258fa82fbe55fcf93a34ad0569af10a8c437fe9893c6cc50223e7eaac2","/static/css/main.7d2f94cc.css.map":"bd84b51db82d7b4699b0b8360f4a0782a794365f0ada208b65be6341b409c567","/static/media/Wuzz.c80416c211bacb4c2ff5.png":"d6385b6cba278b04935ac932dca89638529ffb0c5330d495ea4cfd82748a7b12","/index.html":"48238d102717316024d3993029dd6b766bf0c87c960b48681ffaf7c8ed7806ec","/static/media/kareem1.869e263a2b5461e1b65c.jpg":"1425807bef0723daa805e2670f8272a13734dc4e4d5e0ba470008c1418ef68ed","/static/media/kareem.e974737f3ad6da611fb0.JPG":"e5b19a18e4f2c491bab1b2d1f923f85ab98fae5984db644f5a07ae3e1790787b","/static/js/main.fc5f822b.js":"078b91c309429f0bf145ed3e8ee02b0338a338e01953ed602528dcd4714c5385","/static/js/main.fc5f822b.js.map":"a581badd6631a27090c09e029ded9e537970d0d2f678379474eb7455f1b38631"}}
[debug] [2022-08-28T00:14:19.641Z] <<< [apiv2][status] POST https://firebasehosting.googleapis.com/v1beta1/projects/58114384418/sites/k-studio-4bb78/versions/8c2bcf56ba96e172:populateFiles 200
[debug] [2022-08-28T00:14:19.641Z] <<< [apiv2][body] POST https://firebasehosting.googleapis.com/v1beta1/projects/58114384418/sites/k-studio-4bb78/versions/8c2bcf56ba96e172:populateFiles {"uploadRequiredHashes":["bd84b51db82d7b4699b0b8360f4a0782a794365f0ada208b65be6341b409c567","1b58c2126c3af74958d6ebe8183f980d9a8e0244d6b05d19fc117b8b9d824136","4f70730541e8b3f9b8e785ff29c8f68c4c28d1414ebd3e5ef1f3cf57546f7952","48238d102717316024d3993029dd6b766bf0c87c960b48681ffaf7c8ed7806ec"],"uploadUrl":"https://upload-firebasehosting.googleapis.com/upload/sites/k-studio-4bb78/versions/8c2bcf56ba96e172/files"}
[debug] [2022-08-28T00:14:19.643Z] >>> [apiv2][query] POST https://upload-firebasehosting.googleapis.com/upload/sites/k-studio-4bb78/versions/8c2bcf56ba96e172/files/bd84b51db82d7b4699b0b8360f4a0782a794365f0ada208b65be6341b409c567 [none]
[debug] [2022-08-28T00:14:19.643Z] >>> [apiv2][body] POST https://upload-firebasehosting.googleapis.com/upload/sites/k-studio-4bb78/versions/8c2bcf56ba96e172/files/bd84b51db82d7b4699b0b8360f4a0782a794365f0ada208b65be6341b409c567 [stream]
[debug] [2022-08-28T00:14:19.645Z] >>> [apiv2][query] POST https://upload-firebasehosting.googleapis.com/upload/sites/k-studio-4bb78/versions/8c2bcf56ba96e172/files/1b58c2126c3af74958d6ebe8183f980d9a8e0244d6b05d19fc117b8b9d824136 [none]
[debug] [2022-08-28T00:14:19.645Z] >>> [apiv2][body] POST https://upload-firebasehosting.googleapis.com/upload/sites/k-studio-4bb78/versions/8c2bcf56ba96e172/files/1b58c2126c3af74958d6ebe8183f980d9a8e0244d6b05d19fc117b8b9d824136 [stream]
[debug] [2022-08-28T00:14:19.646Z] >>> [apiv2][query] POST https://upload-firebasehosting.googleapis.com/upload/sites/k-studio-4bb78/versions/8c2bcf56ba96e172/files/4f70730541e8b3f9b8e785ff29c8f68c4c28d1414ebd3e5ef1f3cf57546f7952 [none]
[debug] [2022-08-28T00:14:19.646Z] >>> [apiv2][body] POST https://upload-firebasehosting.googleapis.com/upload/sites/k-studio-4bb78/versions/8c2bcf56ba96e172/files/4f70730541e8b3f9b8e785ff29c8f68c4c28d1414ebd3e5ef1f3cf57546f7952 [stream]
[debug] [2022-08-28T00:14:19.647Z] >>> [apiv2][query] POST https://upload-firebasehosting.googleapis.com/upload/sites/k-studio-4bb78/versions/8c2bcf56ba96e172/files/48238d102717316024d3993029dd6b766bf0c87c960b48681ffaf7c8ed7806ec [none]
[debug] [2022-08-28T00:14:19.647Z] >>> [apiv2][body] POST https://upload-firebasehosting.googleapis.com/upload/sites/k-studio-4bb78/versions/8c2bcf56ba96e172/files/48238d102717316024d3993029dd6b766bf0c87c960b48681ffaf7c8ed7806ec [stream]
[debug] [2022-08-28T00:14:19.648Z] [hosting][populate queue][FINAL] {"max":1044,"min":1044,"avg":1044,"active":0,"complete":1,"success":1,"errored":0,"retried":0,"total":1,"elapsed":1049}
[debug] [2022-08-28T00:14:19.648Z] [hosting] uploads queued: 4
